-------------------------------------------------------------------------------
Test set: com.deluxe.hrapp.test.HrAppTest
-------------------------------------------------------------------------------
Tests run: 1, Failures: 1, Errors: 0, Skipped: 0, Time elapsed: 0.002 sec <<< FAILURE! - in com.deluxe.hrapp.test.HrAppTest
test(com.deluxe.hrapp.test.HrAppTest)  Time elapsed: 0.001 sec  <<< FAILURE!
java.lang.AssertionError: Not yet implemented
	at org.junit.Assert.fail(Assert.java:88)
	at com.deluxe.hrapp.test.HrAppTest.test(HrAppTest.java:20)

